New log file opened at Fri May 22 10:54:01 ICT 2015 by 22828@C02NC1XCG3QT
jvm 22828@C02NC1XCG3QT
jvm vmName=Java HotSpot(TM) 64-Bit Server VM vmVendor=Oracle Corporation vmVersion=24.80-b11
jvm specName=Java Virtual Machine Specification specVendor=Oracle Corporation specVersion=1.7
jvm arguments: [-Xms256m, -Xmx1024m, -XX:PermSize=64m, -XX:MaxPermSize=256m]
Starting event engine
Starting sbt command engine
Command engine arguments=List()
Command engine baseDirectory=/Users/pasoktummarungsri/Project/Thjug
Waiting for sbt command engine
Command engine initial remaining commands List(--initialize, onFailure load-failed, boot, server-send-ready-for-request, server-handle-next-server-request)
> --initialize
> initialize
> onFailure load-failed
> boot
> reload
[Loading] Scanning directory /Users/pasoktummarungsri/.sbt/0.13/plugins
[Loading] Found non-root projects 
[Loading] Done in /Users/pasoktummarungsri/.sbt/0.13/plugins, returning: ()
deducing auto plugins based on known facts Set(Atom(sbt.plugins.CorePlugin)) and clauses Clauses(List(Clause(Atom(sbt.plugins.JvmPlugin),Set(Atom(sbt.plugins.IvyPlugin))), Clause(Atom(sbt.plugins.JUnitXmlReportPlugin),Set(Atom(sbt.plugins.JvmPlugin))), Clause(Atom(sbt.plugins.CorePlugin),Set(Atom(sbt.plugins.IvyPlugin))), Clause(Atom(sbt.plugins.IvyPlugin),Set(Atom(sbt.plugins.JvmPlugin))), Clause(Atom(sbt.plugins.JvmPlugin),Set(Atom(sbt.plugins.JUnitXmlReportPlugin)))))
  :: deduced result: Matched(sbt.plugins.CorePlugin,sbt.plugins.IvyPlugin,sbt.plugins.JvmPlugin,sbt.plugins.JUnitXmlReportPlugin)
sorting: ns: List(sbt.plugins.CorePlugin, sbt.plugins.IvyPlugin, sbt.plugins.JvmPlugin, sbt.plugins.JUnitXmlReportPlugin)
  :: sorting:: found: List(sbt.plugins.CorePlugin) not found List(sbt.plugins.IvyPlugin, sbt.plugins.JvmPlugin, sbt.plugins.JUnitXmlReportPlugin)
  :: sorting:: found: List(sbt.plugins.CorePlugin, sbt.plugins.IvyPlugin) not found List(sbt.plugins.JvmPlugin, sbt.plugins.JUnitXmlReportPlugin)
  :: sorting:: found: List(sbt.plugins.CorePlugin, sbt.plugins.IvyPlugin, sbt.plugins.JvmPlugin) not found List(sbt.plugins.JUnitXmlReportPlugin)
  :: sorting:: found: List(sbt.plugins.CorePlugin, sbt.plugins.IvyPlugin, sbt.plugins.JvmPlugin, sbt.plugins.JUnitXmlReportPlugin) not found List()
  :: sorted deduced result: List(sbt.plugins.CorePlugin, sbt.plugins.IvyPlugin, sbt.plugins.JvmPlugin, sbt.plugins.JUnitXmlReportPlugin)
[Loading] Done in /Users/pasoktummarungsri/.sbt/0.13/plugins, returning: (global-plugins)
Loading global plugins from /Users/pasoktummarungsri/.sbt/0.13/plugins
Running task... Cancel: sbt.TaskCancellationStrategy$Null$@5247834f, check cycles: false

Initial source changes: 
	removed:Set()
	added: Set()
	modified: Set()
Removed products: Set()
External API changes: API Changes: Set()
Modified binary dependencies: Set()
Initial directly invalidated sources: Set()

Sources indirectly invalidated by:
	product: Set()
	binary dep: Set()
	external source: Set()
All initially invalidated sources: Set()

Copy resource mappings: 
	
Other repositories:
Default repositories:
Using inline dependencies specified in Scala.
[Loading] Scanning directory /Users/pasoktummarungsri/Project/Thjug/project
[Loading] Found non-root projects 
[Loading] Done in /Users/pasoktummarungsri/Project/Thjug/project, returning: ()
deducing auto plugins based on known facts Set(Atom(sbt.plugins.CorePlugin)) and clauses Clauses(List(Clause(Atom(sbt.plugins.JvmPlugin),Set(Atom(sbt.plugins.IvyPlugin))), Clause(Atom(sbt.plugins.JUnitXmlReportPlugin),Set(Atom(sbt.plugins.JvmPlugin))), Clause(Atom(sbt.plugins.CorePlugin),Set(Atom(sbt.plugins.IvyPlugin))), Clause(Atom(sbt.plugins.IvyPlugin),Set(Atom(sbt.plugins.JvmPlugin))), Clause(Atom(sbt.plugins.JvmPlugin),Set(Atom(sbt.plugins.JUnitXmlReportPlugin)))))
  :: deduced result: Matched(sbt.plugins.CorePlugin,sbt.plugins.IvyPlugin,sbt.plugins.JvmPlugin,sbt.plugins.JUnitXmlReportPlugin)
sorting: ns: List(sbt.plugins.CorePlugin, sbt.plugins.IvyPlugin, sbt.plugins.JvmPlugin, sbt.plugins.JUnitXmlReportPlugin)
  :: sorting:: found: List(sbt.plugins.CorePlugin) not found List(sbt.plugins.IvyPlugin, sbt.plugins.JvmPlugin, sbt.plugins.JUnitXmlReportPlugin)
  :: sorting:: found: List(sbt.plugins.CorePlugin, sbt.plugins.IvyPlugin) not found List(sbt.plugins.JvmPlugin, sbt.plugins.JUnitXmlReportPlugin)
  :: sorting:: found: List(sbt.plugins.CorePlugin, sbt.plugins.IvyPlugin, sbt.plugins.JvmPlugin) not found List(sbt.plugins.JUnitXmlReportPlugin)
  :: sorting:: found: List(sbt.plugins.CorePlugin, sbt.plugins.IvyPlugin, sbt.plugins.JvmPlugin, sbt.plugins.JUnitXmlReportPlugin) not found List()
  :: sorted deduced result: List(sbt.plugins.CorePlugin, sbt.plugins.IvyPlugin, sbt.plugins.JvmPlugin, sbt.plugins.JUnitXmlReportPlugin)
[Loading] Done in /Users/pasoktummarungsri/Project/Thjug/project, returning: (thjug-build)
Loading project definition from /Users/pasoktummarungsri/Project/Thjug/project
Running task... Cancel: sbt.TaskCancellationStrategy$Null$@5247834f, check cycles: false

Initial source changes: 
	removed:Set()
	added: Set()
	modified: Set()
Removed products: Set()
External API changes: API Changes: Set()
Modified binary dependencies: Set()
Initial directly invalidated sources: Set()

Sources indirectly invalidated by:
	product: Set()
	binary dep: Set()
	external source: Set()
All initially invalidated sources: Set()

Copy resource mappings: 
	
[Loading] Scanning directory /Users/pasoktummarungsri/Project/Thjug
[Loading] Found root project root w/ remaining 
deducing auto plugins based on known facts Set(Atom(play.PlayScala), Atom(sbt.plugins.CorePlugin)) and clauses Clauses(List(Clause(Atom(sbt.plugins.JvmPlugin),Set(Atom(sbt.plugins.IvyPlugin))), Clause(Atom(sbt.plugins.JUnitXmlReportPlugin),Set(Atom(sbt.plugins.JvmPlugin))), Clause(Atom(play.sbt.forkrun.PlayForkRun),Set(Atom(sbt.plugins.BackgroundRunPlugin))), Clause(Atom(play.sbt.forkrun.PlayForkRun),Set(Atom(play.Play))), Clause(Atom(play.sbt.forkrun.PlayForkRun),Set(Atom(sbt.plugins.SerializersPlugin))), Clause(Atom(play.Play),Set(Atom(com.typesafe.sbt.webdriver.SbtWebDriver))), Clause(Atom(play.Play),Set(Atom(play.twirl.sbt.SbtTwirl))), Clause(Atom(play.Play),Set(Atom(com.typesafe.sbt.jse.SbtJsTask))), Clause(Atom(play.PlayJava),Set(Atom(play.Play))), Clause(Atom(play.PlayScala),Set(Atom(play.Play))), Clause(Atom(play.twirl.sbt.SbtTwirl),Set(Atom(sbt.plugins.JvmPlugin))), Clause(Atom(com.typesafe.sbt.jse.SbtJsEngine),Set(Atom(com.typesafe.sbt.web.SbtWeb))), Clause(Atom(com.typesafe.sbt.jse.SbtJsTask),Set(Atom(com.typesafe.sbt.jse.SbtJsEngine))), Clause(Atom(com.typesafe.sbt.webdriver.SbtWebDriver),Set(Atom(com.typesafe.sbt.web.SbtWeb))), Clause(Atom(sbt.plugins.BackgroundRunPlugin),Set(Atom(sbt.plugins.JvmPlugin))), Clause(Atom(sbt.plugins.CorePlugin),Set(Atom(sbt.plugins.IvyPlugin))), Clause(Atom(sbt.plugins.IvyPlugin),Set(Atom(sbt.plugins.JvmPlugin))), Clause(Atom(sbt.plugins.JvmPlugin),Set(Atom(sbt.plugins.JUnitXmlReportPlugin))), Clause(And(Set(Atom(sbt.plugins.BackgroundRunPlugin), Atom(play.Play), Atom(sbt.plugins.SerializersPlugin))),Set(Atom(play.sbt.forkrun.PlayForkRun))), Clause(Atom(com.typesafe.sbt.web.SbtWeb),Set(Atom(com.typesafe.sbt.jse.SbtJsEngine))), Clause(Atom(com.typesafe.sbt.jse.SbtJsEngine),Set(Atom(com.typesafe.sbt.jse.SbtJsTask))), Clause(Atom(com.typesafe.sbt.web.SbtWeb),Set(Atom(com.typesafe.sbt.webdriver.SbtWebDriver))), Clause(Atom(sbt.plugins.JvmPlugin),Set(Atom(sbt.plugins.BackgroundRunPlugin))), Clause(Atom(sbt.plugins.CorePlugin),Set(Atom(sbt.plugins.InteractionServicePlugin))), Clause(Atom(sbt.plugins.CorePlugin),Set(Atom(sbt.plugins.SendEventServicePlugin))), Clause(Atom(sbt.plugins.CorePlugin),Set(Atom(sbt.plugins.SerializersPlugin)))))
  :: deduced result: Matched(sbt.plugins.CorePlugin,play.PlayScala,sbt.plugins.InteractionServicePlugin,sbt.plugins.SendEventServicePlugin,play.Play,sbt.plugins.SerializersPlugin,sbt.plugins.IvyPlugin,sbt.plugins.JvmPlugin,com.typesafe.sbt.jse.SbtJsTask,play.twirl.sbt.SbtTwirl,com.typesafe.sbt.webdriver.SbtWebDriver,sbt.plugins.BackgroundRunPlugin,sbt.plugins.JUnitXmlReportPlugin,com.typesafe.sbt.web.SbtWeb,com.typesafe.sbt.jse.SbtJsEngine,play.sbt.forkrun.PlayForkRun)
sorting: ns: List(sbt.plugins.CorePlugin, play.PlayScala, sbt.plugins.InteractionServicePlugin, sbt.plugins.SendEventServicePlugin, play.Play, sbt.plugins.SerializersPlugin, sbt.plugins.IvyPlugin, sbt.plugins.JvmPlugin, com.typesafe.sbt.jse.SbtJsTask, play.twirl.sbt.SbtTwirl, com.typesafe.sbt.webdriver.SbtWebDriver, sbt.plugins.BackgroundRunPlugin, sbt.plugins.JUnitXmlReportPlugin, com.typesafe.sbt.web.SbtWeb, com.typesafe.sbt.jse.SbtJsEngine, play.sbt.forkrun.PlayForkRun)
  :: sorting:: found: List(sbt.plugins.CorePlugin, com.typesafe.sbt.web.SbtWeb) not found List(play.PlayScala, sbt.plugins.InteractionServicePlugin, sbt.plugins.SendEventServicePlugin, play.Play, sbt.plugins.SerializersPlugin, sbt.plugins.IvyPlugin, sbt.plugins.JvmPlugin, com.typesafe.sbt.jse.SbtJsTask, play.twirl.sbt.SbtTwirl, com.typesafe.sbt.webdriver.SbtWebDriver, sbt.plugins.BackgroundRunPlugin, sbt.plugins.JUnitXmlReportPlugin, com.typesafe.sbt.jse.SbtJsEngine, play.sbt.forkrun.PlayForkRun)
  :: sorting:: found: List(sbt.plugins.CorePlugin, com.typesafe.sbt.web.SbtWeb, sbt.plugins.InteractionServicePlugin, sbt.plugins.SendEventServicePlugin, sbt.plugins.SerializersPlugin, sbt.plugins.IvyPlugin, com.typesafe.sbt.webdriver.SbtWebDriver, com.typesafe.sbt.jse.SbtJsEngine) not found List(play.PlayScala, play.Play, sbt.plugins.JvmPlugin, com.typesafe.sbt.jse.SbtJsTask, play.twirl.sbt.SbtTwirl, sbt.plugins.BackgroundRunPlugin, sbt.plugins.JUnitXmlReportPlugin, play.sbt.forkrun.PlayForkRun)
  :: sorting:: found: List(sbt.plugins.CorePlugin, com.typesafe.sbt.web.SbtWeb, sbt.plugins.InteractionServicePlugin, sbt.plugins.SendEventServicePlugin, sbt.plugins.SerializersPlugin, sbt.plugins.IvyPlugin, com.typesafe.sbt.webdriver.SbtWebDriver, com.typesafe.sbt.jse.SbtJsEngine, sbt.plugins.JvmPlugin, com.typesafe.sbt.jse.SbtJsTask) not found List(play.PlayScala, play.Play, play.twirl.sbt.SbtTwirl, sbt.plugins.BackgroundRunPlugin, sbt.plugins.JUnitXmlReportPlugin, play.sbt.forkrun.PlayForkRun)
  :: sorting:: found: List(sbt.plugins.CorePlugin, com.typesafe.sbt.web.SbtWeb, sbt.plugins.InteractionServicePlugin, sbt.plugins.SendEventServicePlugin, sbt.plugins.SerializersPlugin, sbt.plugins.IvyPlugin, com.typesafe.sbt.webdriver.SbtWebDriver, com.typesafe.sbt.jse.SbtJsEngine, sbt.plugins.JvmPlugin, com.typesafe.sbt.jse.SbtJsTask, play.twirl.sbt.SbtTwirl, sbt.plugins.BackgroundRunPlugin, sbt.plugins.JUnitXmlReportPlugin) not found List(play.PlayScala, play.Play, play.sbt.forkrun.PlayForkRun)
  :: sorting:: found: List(sbt.plugins.CorePlugin, com.typesafe.sbt.web.SbtWeb, sbt.plugins.InteractionServicePlugin, sbt.plugins.SendEventServicePlugin, sbt.plugins.SerializersPlugin, sbt.plugins.IvyPlugin, com.typesafe.sbt.webdriver.SbtWebDriver, com.typesafe.sbt.jse.SbtJsEngine, sbt.plugins.JvmPlugin, com.typesafe.sbt.jse.SbtJsTask, play.twirl.sbt.SbtTwirl, sbt.plugins.BackgroundRunPlugin, sbt.plugins.JUnitXmlReportPlugin, play.Play) not found List(play.PlayScala, play.sbt.forkrun.PlayForkRun)
  :: sorting:: found: List(sbt.plugins.CorePlugin, com.typesafe.sbt.web.SbtWeb, sbt.plugins.InteractionServicePlugin, sbt.plugins.SendEventServicePlugin, sbt.plugins.SerializersPlugin, sbt.plugins.IvyPlugin, com.typesafe.sbt.webdriver.SbtWebDriver, com.typesafe.sbt.jse.SbtJsEngine, sbt.plugins.JvmPlugin, com.typesafe.sbt.jse.SbtJsTask, play.twirl.sbt.SbtTwirl, sbt.plugins.BackgroundRunPlugin, sbt.plugins.JUnitXmlReportPlugin, play.Play, play.PlayScala, play.sbt.forkrun.PlayForkRun) not found List()
  :: sorted deduced result: List(sbt.plugins.CorePlugin, com.typesafe.sbt.web.SbtWeb, sbt.plugins.InteractionServicePlugin, sbt.plugins.SendEventServicePlugin, sbt.plugins.SerializersPlugin, sbt.plugins.IvyPlugin, com.typesafe.sbt.webdriver.SbtWebDriver, com.typesafe.sbt.jse.SbtJsEngine, sbt.plugins.JvmPlugin, com.typesafe.sbt.jse.SbtJsTask, play.twirl.sbt.SbtTwirl, sbt.plugins.BackgroundRunPlugin, sbt.plugins.JUnitXmlReportPlugin, play.Play, play.PlayScala, play.sbt.forkrun.PlayForkRun)
[Loading] Done in /Users/pasoktummarungsri/Project/Thjug, returning: (root)
Set current project to THJUG (in build file:/Users/pasoktummarungsri/Project/Thjug/)
Reapplying settings...
Set current project to THJUG (in build file:/Users/pasoktummarungsri/Project/Thjug/)
> iflast shell
> server-send-ready-for-request
> server-handle-next-server-request
> {file:/Users/pasoktummarungsri/Project/Thjug/}root/compile:discoveredMainClasses
Evaluating tasks: compile:discoveredMainClasses
Running task... Cancel: sbt.server.ServerTaskCancellation@1df625b, check cycles: false

Initial source changes: 
	removed:Set()
	added: Set(/Users/pasoktummarungsri/Project/Thjug/app/views/Forms/RequestForm.scala, /Users/pasoktummarungsri/Project/Thjug/app/services/DatabaseService.scala, /Users/pasoktummarungsri/Project/Thjug/app/services/AccountService.scala, /Users/pasoktummarungsri/Project/Thjug/app/models/Account.scala, /Users/pasoktummarungsri/Project/Thjug/app/services/SlickAccountService.scala)
	modified: Set(/Users/pasoktummarungsri/Project/Thjug/target/scala-2.11/twirl/main/views/html/index.template.scala, /Users/pasoktummarungsri/Project/Thjug/app/controllers/Application.scala, /Users/pasoktummarungsri/Project/Thjug/app/Global.scala)
Removed products: Set()
External API changes: API Changes: Set()
Modified binary dependencies: Set()
Initial directly invalidated sources: Set(/Users/pasoktummarungsri/Project/Thjug/app/views/Forms/RequestForm.scala, /Users/pasoktummarungsri/Project/Thjug/target/scala-2.11/twirl/main/views/html/index.template.scala, /Users/pasoktummarungsri/Project/Thjug/app/controllers/Application.scala, /Users/pasoktummarungsri/Project/Thjug/app/services/DatabaseService.scala, /Users/pasoktummarungsri/Project/Thjug/app/services/AccountService.scala, /Users/pasoktummarungsri/Project/Thjug/app/models/Account.scala, /Users/pasoktummarungsri/Project/Thjug/app/services/SlickAccountService.scala, /Users/pasoktummarungsri/Project/Thjug/app/Global.scala)

Sources indirectly invalidated by:
	product: Set()
	binary dep: Set()
	external source: Set()
All initially invalidated sources: Set(/Users/pasoktummarungsri/Project/Thjug/app/views/Forms/RequestForm.scala, /Users/pasoktummarungsri/Project/Thjug/target/scala-2.11/twirl/main/views/html/index.template.scala, /Users/pasoktummarungsri/Project/Thjug/app/controllers/Application.scala, /Users/pasoktummarungsri/Project/Thjug/app/services/DatabaseService.scala, /Users/pasoktummarungsri/Project/Thjug/app/services/AccountService.scala, /Users/pasoktummarungsri/Project/Thjug/app/models/Account.scala, /Users/pasoktummarungsri/Project/Thjug/app/services/SlickAccountService.scala, /Users/pasoktummarungsri/Project/Thjug/app/Global.scala)

Read from stdout: Compiling 8 Scala sources to /Users/pasoktummarungsri/Project/Thjug/target/scala-2.11/classes...
Compiling 8 Scala sources to /Users/pasoktummarungsri/Project/Thjug/target/scala-2.11/classes...
Getting compiler-interface from component compiler for Scala 2.11.6
Other repositories:
Default repositories:
Getting compiler-interface from component compiler for Scala 2.11.6
Other repositories:
Default repositories:
Running cached compiler 28ac8892, interfacing (CompilerInterface) with Scala compiler version 2.11.6
Calling Scala compiler with arguments  (CompilerInterface):
	-deprecation
	-unchecked
	-encoding
	utf8
	-bootclasspath
	/Library/Java/JavaVirtualMachines/jdk1.7.0_80.jdk/Contents/Home/jre/lib/resources.jar:/Library/Java/JavaVirtualMachines/jdk1.7.0_80.jdk/Contents/Home/jre/lib/rt.jar:/Library/Java/JavaVirtualMachines/jdk1.7.0_80.jdk/Contents/Home/jre/lib/sunrsasign.jar:/Library/Java/JavaVirtualMachines/jdk1.7.0_80.jdk/Contents/Home/jre/lib/jsse.jar:/Library/Java/JavaVirtualMachines/jdk1.7.0_80.jdk/Contents/Home/jre/lib/jce.jar:/Library/Java/JavaVirtualMachines/jdk1.7.0_80.jdk/Contents/Home/jre/lib/charsets.jar:/Library/Java/JavaVirtualMachines/jdk1.7.0_80.jdk/Contents/Home/jre/lib/jfr.jar:/Library/Java/JavaVirtualMachines/jdk1.7.0_80.jdk/Contents/Home/jre/classes:/Users/pasoktummarungsri/.ivy2/cache/org.scala-lang/scala-library/jars/scala-library-2.11.6.jar
	-classpath
	/Users/pasoktummarungsri/Project/Thjug/target/scala-2.11/classes:/Users/pasoktummarungsri/.ivy2/cache/com.typesafe.play/twirl-api_2.11/jars/twirl-api_2.11-1.0.2.jar:/Users/pasoktummarungsri/.ivy2/cache/org.apache.commons/commons-lang3/jars/commons-lang3-3.1.jar:/Users/pasoktummarungsri/.ivy2/cache/org.scala-lang.modules/scala-xml_2.11/bundles/scala-xml_2.11-1.0.1.jar:/Users/pasoktummarungsri/.ivy2/cache/com.typesafe.play/play_2.11/jars/play_2.11-2.3.9.jar:/Users/pasoktummarungsri/.ivy2/cache/com.typesafe.play/build-link/jars/build-link-2.3.9.jar:/Users/pasoktummarungsri/.ivy2/cache/com.typesafe.play/play-exceptions/jars/play-exceptions-2.3.9.jar:/Users/pasoktummarungsri/.ivy2/cache/org.javassist/javassist/bundles/javassist-3.18.2-GA.jar:/Users/pasoktummarungsri/.ivy2/cache/com.typesafe.play/play-iteratees_2.11/jars/play-iteratees_2.11-2.3.9.jar:/Users/pasoktummarungsri/.ivy2/cache/org.scala-stm/scala-stm_2.11/jars/scala-stm_2.11-0.7.jar:/Users/pasoktummarungsri/.ivy2/cache/com.typesafe/config/bundles/config-1.2.1.jar:/Users/pasoktummarungsri/.ivy2/cache/com.typesafe.play/play-json_2.11/jars/play-json_2.11-2.3.9.jar:/Users/pasoktummarungsri/.ivy2/cache/com.typesafe.play/play-functional_2.11/jars/play-functional_2.11-2.3.9.jar:/Users/pasoktummarungsri/.ivy2/cache/com.typesafe.play/play-datacommons_2.11/jars/play-datacommons_2.11-2.3.9.jar:/Users/pasoktummarungsri/.ivy2/cache/joda-time/joda-time/jars/joda-time-2.3.jar:/Users/pasoktummarungsri/.ivy2/cache/org.joda/joda-convert/jars/joda-convert-1.6.jar:/Users/pasoktummarungsri/.ivy2/cache/com.fasterxml.jackson.core/jackson-annotations/bundles/jackson-annotations-2.3.2.jar:/Users/pasoktummarungsri/.ivy2/cache/com.fasterxml.jackson.core/jackson-core/bundles/jackson-core-2.3.2.jar:/Users/pasoktummarungsri/.ivy2/cache/com.fasterxml.jackson.core/jackson-databind/bundles/jackson-databind-2.3.2.jar:/Users/pasoktummarungsri/.ivy2/cache/org.scala-lang/scala-reflect/jars/scala-reflect-2.11.1.jar:/Users/pasoktummarungsri/.ivy2/cache/org.scala-lang.modules/scala-parser-combinators_2.11/bundles/scala-parser-combinators_2.11-1.0.1.jar:/Users/pasoktummarungsri/.ivy2/cache/io.netty/netty/bundles/netty-3.9.8.Final.jar:/Users/pasoktummarungsri/.ivy2/cache/com.typesafe.netty/netty-http-pipelining/jars/netty-http-pipelining-1.1.2.jar:/Users/pasoktummarungsri/.ivy2/cache/org.slf4j/slf4j-api/jars/slf4j-api-1.7.6.jar:/Users/pasoktummarungsri/.ivy2/cache/org.slf4j/jul-to-slf4j/jars/jul-to-slf4j-1.7.6.jar:/Users/pasoktummarungsri/.ivy2/cache/org.slf4j/jcl-over-slf4j/jars/jcl-over-slf4j-1.7.6.jar:/Users/pasoktummarungsri/.ivy2/cache/ch.qos.logback/logback-core/jars/logback-core-1.1.1.jar:/Users/pasoktummarungsri/.ivy2/cache/ch.qos.logback/logback-classic/jars/logback-classic-1.1.1.jar:/Users/pasoktummarungsri/.ivy2/cache/com.typesafe.akka/akka-actor_2.11/jars/akka-actor_2.11-2.3.4.jar:/Users/pasoktummarungsri/.ivy2/cache/com.typesafe.akka/akka-slf4j_2.11/jars/akka-slf4j_2.11-2.3.4.jar:/Users/pasoktummarungsri/.ivy2/cache/commons-codec/commons-codec/jars/commons-codec-1.9.jar:/Users/pasoktummarungsri/.ivy2/cache/xerces/xercesImpl/jars/xercesImpl-2.11.0.jar:/Users/pasoktummarungsri/.ivy2/cache/xml-apis/xml-apis/jars/xml-apis-1.4.01.jar:/Users/pasoktummarungsri/.ivy2/cache/javax.transaction/jta/jars/jta-1.1.jar:/Users/pasoktummarungsri/.ivy2/cache/com.typesafe.play/play-jdbc_2.11/jars/play-jdbc_2.11-2.3.9.jar:/Users/pasoktummarungsri/.ivy2/cache/com.jolbox/bonecp/bundles/bonecp-0.8.0.RELEASE.jar:/Users/pasoktummarungsri/.ivy2/cache/com.h2database/h2/jars/h2-1.3.175.jar:/Users/pasoktummarungsri/.ivy2/cache/tyrex/tyrex/jars/tyrex-1.0.1.jar:/Users/pasoktummarungsri/.ivy2/cache/com.typesafe.play/play-cache_2.11/jars/play-cache_2.11-2.3.9.jar:/Users/pasoktummarungsri/.ivy2/cache/net.sf.ehcache/ehcache-core/jars/ehcache-core-2.6.8.jar:/Users/pasoktummarungsri/.ivy2/cache/com.google.inject/guice/jars/guice-4.0.jar:/Users/pasoktummarungsri/.ivy2/cache/javax.inject/javax.inject/jars/javax.inject-1.jar:/Users/pasoktummarungsri/.ivy2/cache/aopalliance/aopalliance/jars/aopalliance-1.0.jar:/usr/local/Cellar/typesafe-activator/1.3.2/libexec/repository/com.typesafe.slick/slick_2.11/2.1.0/bundles/slick_2.11.jar:/usr/local/Cellar/typesafe-activator/1.3.2/libexec/repository/org.slf4j/slf4j-nop/1.6.4/jars/slf4j-nop.jar:/Users/pasoktummarungsri/.ivy2/cache/org.postgresql/postgresql/jars/postgresql-9.3-1103-jdbc41.jar:/Users/pasoktummarungsri/.ivy2/cache/com.google.inject.extensions/guice-multibindings/jars/guice-multibindings-4.0.jar:/Users/pasoktummarungsri/.ivy2/cache/net.codingwell/scala-guice_2.11/jars/scala-guice_2.11-4.0.0-beta5.jar:/Users/pasoktummarungsri/.ivy2/cache/com.google.guava/guava/bundles/guava-17.0.jar:/Users/pasoktummarungsri/.ivy2/cache/com.google.code.findbugs/jsr305/jars/jsr305-1.3.9.jar
Read from stdout: /Users/pasoktummarungsri/Project/Thjug/app/services/DatabaseService.scala:13: type mismatch;
Read from stdout: found   : slick.driver.H2Driver.backend.DatabaseDef
Read from stdout: required: slick.jdbc.JdbcBackend.DatabaseDef
/Users/pasoktummarungsri/Project/Thjug/app/services/DatabaseService.scala:13: type mismatch;
 found   : slick.driver.H2Driver.backend.DatabaseDef
 required: slick.jdbc.JdbcBackend.DatabaseDef
Read from stdout: val getDatabaseDef: DatabaseDef = Database.forURL("jdbc:postgresql://db.thjug.com/thjug?user=thjug&password=", driver = "org.postgresql.Driver")
  val getDatabaseDef: DatabaseDef = Database.forURL("jdbc:postgresql://db.thjug.com/thjug?user=thjug&password=", driver = "org.postgresql.Driver")
Read from stdout: ^
                                                   ^
Read from stdout: one error found
one error found
Compilation failed (CompilerInterface)
Read from stdout: (compile:compileIncremental) Compilation failed
(compile:31mcompileIncremental0m) Compilation failed
Total time: 9 s, completed May 22, 2015 10:54:25 AM
> server-post-command-error-handler
> server-post-command-cleanup
> server-handle-next-server-request
> {file:/Users/pasoktummarungsri/Project/Thjug/}root/compile:mainClass
Evaluating tasks: compile:mainClass
Running task... Cancel: sbt.server.ServerTaskCancellation@78c9aa1c, check cycles: false
Total time: 0 s, completed May 22, 2015 10:54:25 AM
> server-post-command-cleanup
> server-handle-next-server-request
> {file:/Users/pasoktummarungsri/Project/Thjug/}root/compile:discoveredMainClasses
Evaluating tasks: compile:discoveredMainClasses
Running task... Cancel: sbt.server.ServerTaskCancellation@5e8d4685, check cycles: false

Initial source changes: 
	removed:Set()
	added: Set(/Users/pasoktummarungsri/Project/Thjug/app/views/Forms/RequestForm.scala, /Users/pasoktummarungsri/Project/Thjug/app/services/DatabaseService.scala, /Users/pasoktummarungsri/Project/Thjug/app/services/AccountService.scala, /Users/pasoktummarungsri/Project/Thjug/app/models/Account.scala, /Users/pasoktummarungsri/Project/Thjug/app/services/SlickAccountService.scala)
	modified: Set(/Users/pasoktummarungsri/Project/Thjug/target/scala-2.11/twirl/main/views/html/index.template.scala, /Users/pasoktummarungsri/Project/Thjug/app/controllers/Application.scala, /Users/pasoktummarungsri/Project/Thjug/app/Global.scala)
Removed products: Set()
External API changes: API Changes: Set()
Modified binary dependencies: Set()
Initial directly invalidated sources: Set(/Users/pasoktummarungsri/Project/Thjug/app/views/Forms/RequestForm.scala, /Users/pasoktummarungsri/Project/Thjug/target/scala-2.11/twirl/main/views/html/index.template.scala, /Users/pasoktummarungsri/Project/Thjug/app/controllers/Application.scala, /Users/pasoktummarungsri/Project/Thjug/app/services/DatabaseService.scala, /Users/pasoktummarungsri/Project/Thjug/app/services/AccountService.scala, /Users/pasoktummarungsri/Project/Thjug/app/models/Account.scala, /Users/pasoktummarungsri/Project/Thjug/app/services/SlickAccountService.scala, /Users/pasoktummarungsri/Project/Thjug/app/Global.scala)

Sources indirectly invalidated by:
	product: Set()
	binary dep: Set()
	external source: Set()
All initially invalidated sources: Set(/Users/pasoktummarungsri/Project/Thjug/app/views/Forms/RequestForm.scala, /Users/pasoktummarungsri/Project/Thjug/target/scala-2.11/twirl/main/views/html/index.template.scala, /Users/pasoktummarungsri/Project/Thjug/app/controllers/Application.scala, /Users/pasoktummarungsri/Project/Thjug/app/services/DatabaseService.scala, /Users/pasoktummarungsri/Project/Thjug/app/services/AccountService.scala, /Users/pasoktummarungsri/Project/Thjug/app/models/Account.scala, /Users/pasoktummarungsri/Project/Thjug/app/services/SlickAccountService.scala, /Users/pasoktummarungsri/Project/Thjug/app/Global.scala)

Read from stdout: Compiling 8 Scala sources to /Users/pasoktummarungsri/Project/Thjug/target/scala-2.11/classes...
Compiling 8 Scala sources to /Users/pasoktummarungsri/Project/Thjug/target/scala-2.11/classes...
Getting compiler-interface from component compiler for Scala 2.11.6
Other repositories:
Default repositories:
Getting compiler-interface from component compiler for Scala 2.11.6
Other repositories:
Default repositories:
Running cached compiler 3e70ca4f, interfacing (CompilerInterface) with Scala compiler version 2.11.6
Calling Scala compiler with arguments  (CompilerInterface):
	-deprecation
	-unchecked
	-encoding
	utf8
	-bootclasspath
	/Library/Java/JavaVirtualMachines/jdk1.7.0_80.jdk/Contents/Home/jre/lib/resources.jar:/Library/Java/JavaVirtualMachines/jdk1.7.0_80.jdk/Contents/Home/jre/lib/rt.jar:/Library/Java/JavaVirtualMachines/jdk1.7.0_80.jdk/Contents/Home/jre/lib/sunrsasign.jar:/Library/Java/JavaVirtualMachines/jdk1.7.0_80.jdk/Contents/Home/jre/lib/jsse.jar:/Library/Java/JavaVirtualMachines/jdk1.7.0_80.jdk/Contents/Home/jre/lib/jce.jar:/Library/Java/JavaVirtualMachines/jdk1.7.0_80.jdk/Contents/Home/jre/lib/charsets.jar:/Library/Java/JavaVirtualMachines/jdk1.7.0_80.jdk/Contents/Home/jre/lib/jfr.jar:/Library/Java/JavaVirtualMachines/jdk1.7.0_80.jdk/Contents/Home/jre/classes:/Users/pasoktummarungsri/.ivy2/cache/org.scala-lang/scala-library/jars/scala-library-2.11.6.jar
	-classpath
	/Users/pasoktummarungsri/Project/Thjug/target/scala-2.11/classes:/Users/pasoktummarungsri/.ivy2/cache/com.typesafe.play/twirl-api_2.11/jars/twirl-api_2.11-1.0.2.jar:/Users/pasoktummarungsri/.ivy2/cache/org.apache.commons/commons-lang3/jars/commons-lang3-3.1.jar:/Users/pasoktummarungsri/.ivy2/cache/org.scala-lang.modules/scala-xml_2.11/bundles/scala-xml_2.11-1.0.1.jar:/Users/pasoktummarungsri/.ivy2/cache/com.typesafe.play/play_2.11/jars/play_2.11-2.3.9.jar:/Users/pasoktummarungsri/.ivy2/cache/com.typesafe.play/build-link/jars/build-link-2.3.9.jar:/Users/pasoktummarungsri/.ivy2/cache/com.typesafe.play/play-exceptions/jars/play-exceptions-2.3.9.jar:/Users/pasoktummarungsri/.ivy2/cache/org.javassist/javassist/bundles/javassist-3.18.2-GA.jar:/Users/pasoktummarungsri/.ivy2/cache/com.typesafe.play/play-iteratees_2.11/jars/play-iteratees_2.11-2.3.9.jar:/Users/pasoktummarungsri/.ivy2/cache/org.scala-stm/scala-stm_2.11/jars/scala-stm_2.11-0.7.jar:/Users/pasoktummarungsri/.ivy2/cache/com.typesafe/config/bundles/config-1.2.1.jar:/Users/pasoktummarungsri/.ivy2/cache/com.typesafe.play/play-json_2.11/jars/play-json_2.11-2.3.9.jar:/Users/pasoktummarungsri/.ivy2/cache/com.typesafe.play/play-functional_2.11/jars/play-functional_2.11-2.3.9.jar:/Users/pasoktummarungsri/.ivy2/cache/com.typesafe.play/play-datacommons_2.11/jars/play-datacommons_2.11-2.3.9.jar:/Users/pasoktummarungsri/.ivy2/cache/joda-time/joda-time/jars/joda-time-2.3.jar:/Users/pasoktummarungsri/.ivy2/cache/org.joda/joda-convert/jars/joda-convert-1.6.jar:/Users/pasoktummarungsri/.ivy2/cache/com.fasterxml.jackson.core/jackson-annotations/bundles/jackson-annotations-2.3.2.jar:/Users/pasoktummarungsri/.ivy2/cache/com.fasterxml.jackson.core/jackson-core/bundles/jackson-core-2.3.2.jar:/Users/pasoktummarungsri/.ivy2/cache/com.fasterxml.jackson.core/jackson-databind/bundles/jackson-databind-2.3.2.jar:/Users/pasoktummarungsri/.ivy2/cache/org.scala-lang/scala-reflect/jars/scala-reflect-2.11.1.jar:/Users/pasoktummarungsri/.ivy2/cache/org.scala-lang.modules/scala-parser-combinators_2.11/bundles/scala-parser-combinators_2.11-1.0.1.jar:/Users/pasoktummarungsri/.ivy2/cache/io.netty/netty/bundles/netty-3.9.8.Final.jar:/Users/pasoktummarungsri/.ivy2/cache/com.typesafe.netty/netty-http-pipelining/jars/netty-http-pipelining-1.1.2.jar:/Users/pasoktummarungsri/.ivy2/cache/org.slf4j/slf4j-api/jars/slf4j-api-1.7.6.jar:/Users/pasoktummarungsri/.ivy2/cache/org.slf4j/jul-to-slf4j/jars/jul-to-slf4j-1.7.6.jar:/Users/pasoktummarungsri/.ivy2/cache/org.slf4j/jcl-over-slf4j/jars/jcl-over-slf4j-1.7.6.jar:/Users/pasoktummarungsri/.ivy2/cache/ch.qos.logback/logback-core/jars/logback-core-1.1.1.jar:/Users/pasoktummarungsri/.ivy2/cache/ch.qos.logback/logback-classic/jars/logback-classic-1.1.1.jar:/Users/pasoktummarungsri/.ivy2/cache/com.typesafe.akka/akka-actor_2.11/jars/akka-actor_2.11-2.3.4.jar:/Users/pasoktummarungsri/.ivy2/cache/com.typesafe.akka/akka-slf4j_2.11/jars/akka-slf4j_2.11-2.3.4.jar:/Users/pasoktummarungsri/.ivy2/cache/commons-codec/commons-codec/jars/commons-codec-1.9.jar:/Users/pasoktummarungsri/.ivy2/cache/xerces/xercesImpl/jars/xercesImpl-2.11.0.jar:/Users/pasoktummarungsri/.ivy2/cache/xml-apis/xml-apis/jars/xml-apis-1.4.01.jar:/Users/pasoktummarungsri/.ivy2/cache/javax.transaction/jta/jars/jta-1.1.jar:/Users/pasoktummarungsri/.ivy2/cache/com.typesafe.play/play-jdbc_2.11/jars/play-jdbc_2.11-2.3.9.jar:/Users/pasoktummarungsri/.ivy2/cache/com.jolbox/bonecp/bundles/bonecp-0.8.0.RELEASE.jar:/Users/pasoktummarungsri/.ivy2/cache/com.h2database/h2/jars/h2-1.3.175.jar:/Users/pasoktummarungsri/.ivy2/cache/tyrex/tyrex/jars/tyrex-1.0.1.jar:/Users/pasoktummarungsri/.ivy2/cache/com.typesafe.play/play-cache_2.11/jars/play-cache_2.11-2.3.9.jar:/Users/pasoktummarungsri/.ivy2/cache/net.sf.ehcache/ehcache-core/jars/ehcache-core-2.6.8.jar:/Users/pasoktummarungsri/.ivy2/cache/com.google.inject/guice/jars/guice-4.0.jar:/Users/pasoktummarungsri/.ivy2/cache/javax.inject/javax.inject/jars/javax.inject-1.jar:/Users/pasoktummarungsri/.ivy2/cache/aopalliance/aopalliance/jars/aopalliance-1.0.jar:/usr/local/Cellar/typesafe-activator/1.3.2/libexec/repository/com.typesafe.slick/slick_2.11/2.1.0/bundles/slick_2.11.jar:/usr/local/Cellar/typesafe-activator/1.3.2/libexec/repository/org.slf4j/slf4j-nop/1.6.4/jars/slf4j-nop.jar:/Users/pasoktummarungsri/.ivy2/cache/org.postgresql/postgresql/jars/postgresql-9.3-1103-jdbc41.jar:/Users/pasoktummarungsri/.ivy2/cache/com.google.inject.extensions/guice-multibindings/jars/guice-multibindings-4.0.jar:/Users/pasoktummarungsri/.ivy2/cache/net.codingwell/scala-guice_2.11/jars/scala-guice_2.11-4.0.0-beta5.jar:/Users/pasoktummarungsri/.ivy2/cache/com.google.guava/guava/bundles/guava-17.0.jar:/Users/pasoktummarungsri/.ivy2/cache/com.google.code.findbugs/jsr305/jars/jsr305-1.3.9.jar
Read from stdout: /Users/pasoktummarungsri/Project/Thjug/app/services/DatabaseService.scala:13: type mismatch;
Read from stdout: found   : slick.driver.H2Driver.backend.DatabaseDef
Read from stdout: required: slick.jdbc.JdbcBackend.DatabaseDef
/Users/pasoktummarungsri/Project/Thjug/app/services/DatabaseService.scala:13: type mismatch;
 found   : slick.driver.H2Driver.backend.DatabaseDef
 required: slick.jdbc.JdbcBackend.DatabaseDef
Read from stdout: val getDatabaseDef: DatabaseDef = Database.forURL("jdbc:postgresql://db.thjug.com/thjug?user=thjug&password=", driver = "org.postgresql.Driver")
  val getDatabaseDef: DatabaseDef = Database.forURL("jdbc:postgresql://db.thjug.com/thjug?user=thjug&password=", driver = "org.postgresql.Driver")
Read from stdout: ^
                                                   ^
Read from stdout: one error found
one error found
Compilation failed (CompilerInterface)
Read from stdout: (compile:compileIncremental) Compilation failed
(compile:31mcompileIncremental0m) Compilation failed
Total time: 3 s, completed May 22, 2015 10:54:28 AM
> server-post-command-error-handler
> server-post-command-cleanup
> server-handle-next-server-request
> {file:/Users/pasoktummarungsri/Project/Thjug/}root/compile:mainClass
Evaluating tasks: compile:mainClass
Running task... Cancel: sbt.server.ServerTaskCancellation@67dcabf6, check cycles: false
Total time: 0 s, completed May 22, 2015 10:54:28 AM
> server-post-command-cleanup
> server-handle-next-server-request
